The system is: Windows - 10.0.19044 - AMD64
Compiling the C compiler identification source file "CMakeCCompilerId.c" succeeded.
Compiler: C:/Program Files/Microsoft Visual Studio/2022/Community/VC/Tools/MSVC/14.31.31103/bin/Hostx64/x64/cl.exe 
Build flags: 
Id flags:  

The output was:
0
x64 için Microsoft (R) C/C++ İyileştirmeli Derleyicisi Sürüm 19.31.31107
Telif Hakkı (C) Microsoft Corporation. Tüm hakları saklıdır.

CMakeCCompilerId.c
Microsoft (R) Incremental Linker Version 14.31.31107.0
Copyright (C) Microsoft Corporation.  All rights reserved.

/out:CMakeCCompilerId.exe 
CMakeCCompilerId.obj 


Compilation of the C compiler identification source "CMakeCCompilerId.c" produced "CMakeCCompilerId.exe"

Compilation of the C compiler identification source "CMakeCCompilerId.c" produced "CMakeCCompilerId.obj"

The C compiler identification is MSVC, found in "C:/Users/Onur/Desktop/piton/TcpServer/out/build/x64-debug/CMakeFiles/3.22.22022201-MSVC_2/CompilerIdC/CMakeCCompilerId.exe"

Compiling the CXX compiler identification source file "CMakeCXXCompilerId.cpp" succeeded.
Compiler: C:/Program Files/Microsoft Visual Studio/2022/Community/VC/Tools/MSVC/14.31.31103/bin/Hostx64/x64/cl.exe 
Build flags: 
Id flags:  

The output was:
0
x64 için Microsoft (R) C/C++ İyileştirmeli Derleyicisi Sürüm 19.31.31107
Telif Hakkı (C) Microsoft Corporation. Tüm hakları saklıdır.

CMakeCXXCompilerId.cpp
Microsoft (R) Incremental Linker Version 14.31.31107.0
Copyright (C) Microsoft Corporation.  All rights reserved.

/out:CMakeCXXCompilerId.exe 
CMakeCXXCompilerId.obj 


Compilation of the CXX compiler identification source "CMakeCXXCompilerId.cpp" produced "CMakeCXXCompilerId.exe"

Compilation of the CXX compiler identification source "CMakeCXXCompilerId.cpp" produced "CMakeCXXCompilerId.obj"

The CXX compiler identification is MSVC, found in "C:/Users/Onur/Desktop/piton/TcpServer/out/build/x64-debug/CMakeFiles/3.22.22022201-MSVC_2/CompilerIdCXX/CMakeCXXCompilerId.exe"

Detecting C compiler ABI info compiled with the following output:
Change Dir: C:/Users/Onur/Desktop/piton/TcpServer/out/build/x64-debug/CMakeFiles/CMakeTmp

Run Build Command(s):C:/Program Files/Microsoft Visual Studio/2022/Community/Common7/IDE/CommonExtensions/Microsoft/CMake/Ninja/ninja.exe cmTC_5cfef && [1/2] Building C object CMakeFiles\cmTC_5cfef.dir\CMakeCCompilerABI.c.obj
[2/2] Linking C executable cmTC_5cfef.exe



Detecting CXX compiler ABI info compiled with the following output:
Change Dir: C:/Users/Onur/Desktop/piton/TcpServer/out/build/x64-debug/CMakeFiles/CMakeTmp

Run Build Command(s):C:/Program Files/Microsoft Visual Studio/2022/Community/Common7/IDE/CommonExtensions/Microsoft/CMake/Ninja/ninja.exe cmTC_c7a87 && [1/2] Building CXX object CMakeFiles\cmTC_c7a87.dir\CMakeCXXCompilerABI.cpp.obj
[2/2] Linking CXX executable cmTC_c7a87.exe



